calendarCommon/build/outputs/logs/manifest-merger-debug-report.txt
-- Merging decision tree log ---
manifest
ADDED from src/main/AndroidManifest.xml:16:1-19:12
INJECTED from src/main/AndroidManifest.xml:16:1-19:12
INJECTED from src/main/AndroidManifest.xml:16:1-19:12
INJECTED from src/main/AndroidManifest.xml:16:1-19:12
INJECTED from src/main/AndroidManifest.xml:16:1-19:12
	package
		ADDED from src/main/AndroidManifest.xml:17:11-48
		INJECTED from src/main/AndroidManifest.xml
		INJECTED from src/main/AndroidManifest.xml
	xmlns:android
		ADDED from src/main/AndroidManifest.xml:16:11-69
	android:versionCode
		ADDED from src/main/AndroidManifest.xml:18:11-34
		INJECTED from src/main/AndroidManifest.xml
		INJECTED from src/main/AndroidManifest.xml